2018-04-09 11:42:50.758  INFO 10200 --- [main] o.apache.catalina.core.StandardService   : Starting service [Tomcat]
2018-04-09 11:42:50.769  INFO 10200 --- [main] org.apache.catalina.core.StandardEngine  : Starting Servlet Engine: Apache Tomcat/8.5.28
2018-04-09 11:42:50.785  INFO 10200 --- [localhost-startStop-1] o.a.catalina.core.AprLifecycleListener   : The APR based Apache Tomcat Native library which allows optimal performance in production environments was not found on the java.library.path: [C:\Program Files\Java\jre1.8.0_152\bin;C:\WINDOWS\Sun\Java\bin;C:\WINDOWS\system32;C:\WINDOWS;C:/Program Files/Java/jre1.8.0_152/bin/server;C:/Program Files/Java/jre1.8.0_152/bin;C:/Program Files/Java/jre1.8.0_152/lib/amd64;C:\ProgramData\Oracle\Java\javapath;C:\Oracle\product\11.2.0\client_1\bin;C:\WINDOWS\system32;C:\WINDOWS;C:\WINDOWS\System32\Wbem;C:\WINDOWS\System32\WindowsPowerShell\v1.0\;C:\Program Files\TortoiseSVN\bin;C:\Program Files\Git\cmd;C:\Users\formacion\AppData\Local\Microsoft\WindowsApps;;C:\Program Files\eclipse\jee-oxygen\eclipse;;.]
2018-04-09 11:42:51.097  INFO 10200 --- [localhost-startStop-1] o.a.c.c.C.[Tomcat].[localhost].[/]       : Initializing Spring embedded WebApplicationContext
2018-04-09 11:42:52.097  INFO 10200 --- [main] e.f.a.e.r.impl.RepositorioDocumentoImpl  : Entrando al método escribirAltaDocumento
2018-04-09 11:42:52.723  INFO 10200 --- [main] e.f.a.e.r.impl.RepositorioDocumentoImpl  : Documento con código 1 se ha creado correctamente.
2018-04-09 11:42:52.723  INFO 10200 --- [main] e.f.a.e.r.impl.RepositorioDocumentoImpl  : Iniciando escritura de fichero...
2018-04-09 11:42:52.723  INFO 10200 --- [main] e.f.a.e.r.impl.RepositorioDocumentoImpl  : Modificando fichero existente...
2018-04-09 11:42:52.723  INFO 10200 --- [main] e.f.a.e.r.impl.RepositorioDocumentoImpl  : Fin escritura de fichero...
2018-04-09 11:42:52.723  INFO 10200 --- [main] e.f.a.e.r.impl.RepositorioDocumentoImpl  : Salieno del método escribirAltaDocumento
2018-04-09 11:42:52.723  INFO 10200 --- [main] e.f.a.e.r.impl.RepositorioDocumentoImpl  : Entrando al método escribirAltaDocumento
2018-04-09 11:42:52.817  INFO 10200 --- [main] e.f.a.e.r.impl.RepositorioDocumentoImpl  : Documento con código 2 se ha creado correctamente.
2018-04-09 11:42:52.817  INFO 10200 --- [main] e.f.a.e.r.impl.RepositorioDocumentoImpl  : Iniciando escritura de fichero...
2018-04-09 11:42:52.817  INFO 10200 --- [main] e.f.a.e.r.impl.RepositorioDocumentoImpl  : Modificando fichero existente...
2018-04-09 11:42:52.817  INFO 10200 --- [main] e.f.a.e.r.impl.RepositorioDocumentoImpl  : Fin escritura de fichero...
2018-04-09 11:42:52.817  INFO 10200 --- [main] e.f.a.e.r.impl.RepositorioDocumentoImpl  : Salieno del método escribirAltaDocumento
2018-04-09 11:42:52.817  INFO 10200 --- [main] e.f.a.e.r.impl.RepositorioDocumentoImpl  : Entrando al método escribirAltaDocumento
2018-04-09 11:42:52.848  INFO 10200 --- [main] e.f.a.e.r.impl.RepositorioDocumentoImpl  : Documento con código 3 se ha creado correctamente.
2018-04-09 11:42:52.848  INFO 10200 --- [main] e.f.a.e.r.impl.RepositorioDocumentoImpl  : Iniciando escritura de fichero...
2018-04-09 11:42:52.848  INFO 10200 --- [main] e.f.a.e.r.impl.RepositorioDocumentoImpl  : Modificando fichero existente...
2018-04-09 11:42:52.848  INFO 10200 --- [main] e.f.a.e.r.impl.RepositorioDocumentoImpl  : Fin escritura de fichero...
2018-04-09 11:42:52.848  INFO 10200 --- [main] e.f.a.e.r.impl.RepositorioDocumentoImpl  : Salieno del método escribirAltaDocumento
2018-04-09 11:42:52.848  INFO 10200 --- [main] e.f.a.e.r.impl.RepositorioDocumentoImpl  : Entrando al método escribirAltaDocumento
2018-04-09 11:42:52.911  INFO 10200 --- [main] e.f.a.e.r.impl.RepositorioDocumentoImpl  : Documento con código 4 se ha creado correctamente.
2018-04-09 11:42:52.911  INFO 10200 --- [main] e.f.a.e.r.impl.RepositorioDocumentoImpl  : Iniciando escritura de fichero...
2018-04-09 11:42:52.911  INFO 10200 --- [main] e.f.a.e.r.impl.RepositorioDocumentoImpl  : Modificando fichero existente...
2018-04-09 11:42:52.911  INFO 10200 --- [main] e.f.a.e.r.impl.RepositorioDocumentoImpl  : Fin escritura de fichero...
2018-04-09 11:42:52.911  INFO 10200 --- [main] e.f.a.e.r.impl.RepositorioDocumentoImpl  : Salieno del método escribirAltaDocumento
2018-04-09 11:42:52.911  INFO 10200 --- [main] e.f.a.e.r.impl.RepositorioDocumentoImpl  : Entrando al método escribirAltaDocumento
2018-04-09 11:42:52.943  INFO 10200 --- [main] e.f.a.e.r.impl.RepositorioDocumentoImpl  : Documento con código 5 se ha creado correctamente.
2018-04-09 11:42:52.943  INFO 10200 --- [main] e.f.a.e.r.impl.RepositorioDocumentoImpl  : Iniciando escritura de fichero...
2018-04-09 11:42:52.943  INFO 10200 --- [main] e.f.a.e.r.impl.RepositorioDocumentoImpl  : Modificando fichero existente...
2018-04-09 11:42:52.943  INFO 10200 --- [main] e.f.a.e.r.impl.RepositorioDocumentoImpl  : Fin escritura de fichero...
2018-04-09 11:42:52.943  INFO 10200 --- [main] e.f.a.e.r.impl.RepositorioDocumentoImpl  : Salieno del método escribirAltaDocumento
2018-04-09 11:42:52.943  INFO 10200 --- [main] e.f.a.e.r.impl.RepositorioDocumentoImpl  : Entrando al método guardarDocumentosEnArchivoTexto
2018-04-09 11:42:52.943  INFO 10200 --- [main] e.f.a.e.r.impl.RepositorioDocumentoImpl  : Iniciando escritura de fichero...
2018-04-09 11:42:52.943  INFO 10200 --- [main] e.f.a.e.r.impl.RepositorioDocumentoImpl  : Modificando fichero existente...
2018-04-09 11:42:52.943  INFO 10200 --- [main] e.f.a.e.r.impl.RepositorioDocumentoImpl  : Fin escritura de fichero...
2018-04-09 11:42:52.943  INFO 10200 --- [main] e.f.a.e.r.impl.RepositorioDocumentoImpl  : Salieno del método guardarDocumentosEnArchivoTexto
2018-04-09 11:42:52.943  INFO 10200 --- [main] e.f.a.e.r.impl.RepositorioDocumentoImpl  : Entrando al método escribirModificarDocumento
2018-04-09 11:42:52.957  INFO 10200 --- [main] e.f.a.e.r.impl.RepositorioDocumentoImpl  : Documento con código 2 ha sido modificado correctamente.
2018-04-09 11:42:52.957  INFO 10200 --- [main] e.f.a.e.r.impl.RepositorioDocumentoImpl  : Iniciando escritura de fichero...
2018-04-09 11:42:52.957  INFO 10200 --- [main] e.f.a.e.r.impl.RepositorioDocumentoImpl  : Modificando fichero existente...
2018-04-09 11:42:52.957  INFO 10200 --- [main] e.f.a.e.r.impl.RepositorioDocumentoImpl  : Fin escritura de fichero...
2018-04-09 11:42:52.957  INFO 10200 --- [main] e.f.a.e.r.impl.RepositorioDocumentoImpl  : Salieno del método escribirModificarDocumento
2018-04-09 11:42:52.957  INFO 10200 --- [main] e.f.a.e.r.impl.RepositorioDocumentoImpl  : Entrando al método escribirModificarDocumento
2018-04-09 11:42:53.005  INFO 10200 --- [main] e.f.a.e.r.impl.RepositorioDocumentoImpl  : Documento con código 4 ha sido modificado correctamente.
2018-04-09 11:42:53.005  INFO 10200 --- [main] e.f.a.e.r.impl.RepositorioDocumentoImpl  : Iniciando escritura de fichero...
2018-04-09 11:42:53.005  INFO 10200 --- [main] e.f.a.e.r.impl.RepositorioDocumentoImpl  : Modificando fichero existente...
2018-04-09 11:42:53.005  INFO 10200 --- [main] e.f.a.e.r.impl.RepositorioDocumentoImpl  : Fin escritura de fichero...
2018-04-09 11:42:53.005  INFO 10200 --- [main] e.f.a.e.r.impl.RepositorioDocumentoImpl  : Salieno del método escribirModificarDocumento
2018-04-09 11:42:53.005  INFO 10200 --- [main] e.f.a.e.r.impl.RepositorioDocumentoImpl  : Entrando al método guardarDocumentosEnArchivoTexto
2018-04-09 11:42:53.005  INFO 10200 --- [main] e.f.a.e.r.impl.RepositorioDocumentoImpl  : Iniciando escritura de fichero...
2018-04-09 11:42:53.005  INFO 10200 --- [main] e.f.a.e.r.impl.RepositorioDocumentoImpl  : Modificando fichero existente...
2018-04-09 11:42:53.005  INFO 10200 --- [main] e.f.a.e.r.impl.RepositorioDocumentoImpl  : Fin escritura de fichero...
2018-04-09 11:42:53.005  INFO 10200 --- [main] e.f.a.e.r.impl.RepositorioDocumentoImpl  : Salieno del método guardarDocumentosEnArchivoTexto
2018-04-09 11:42:53.005  INFO 10200 --- [main] e.f.a.e.r.impl.RepositorioDocumentoImpl  : Entrando al método escribirEliminarDocumento
2018-04-09 11:42:53.036  INFO 10200 --- [main] e.f.a.e.r.impl.RepositorioDocumentoImpl  : Documento con código 1 ha sido eliminado correctamente.
2018-04-09 11:42:53.036  INFO 10200 --- [main] e.f.a.e.r.impl.RepositorioDocumentoImpl  : Iniciando escritura de fichero...
2018-04-09 11:42:53.036  INFO 10200 --- [main] e.f.a.e.r.impl.RepositorioDocumentoImpl  : Modificando fichero existente...
2018-04-09 11:42:53.036  INFO 10200 --- [main] e.f.a.e.r.impl.RepositorioDocumentoImpl  : Fin escritura de fichero...
2018-04-09 11:42:53.036  INFO 10200 --- [main] e.f.a.e.r.impl.RepositorioDocumentoImpl  : Salieno del método escribirEliminarDocumento
2018-04-09 11:42:53.036  INFO 10200 --- [main] e.f.a.e.r.impl.RepositorioDocumentoImpl  : Entrando al método escribirEliminarDocumento
2018-04-09 11:42:53.098  INFO 10200 --- [main] e.f.a.e.r.impl.RepositorioDocumentoImpl  : Documento con código 3 ha sido eliminado correctamente.
2018-04-09 11:42:53.098  INFO 10200 --- [main] e.f.a.e.r.impl.RepositorioDocumentoImpl  : Iniciando escritura de fichero...
2018-04-09 11:42:53.098  INFO 10200 --- [main] e.f.a.e.r.impl.RepositorioDocumentoImpl  : Modificando fichero existente...
2018-04-09 11:42:53.113  INFO 10200 --- [main] e.f.a.e.r.impl.RepositorioDocumentoImpl  : Fin escritura de fichero...
2018-04-09 11:42:53.113  INFO 10200 --- [main] e.f.a.e.r.impl.RepositorioDocumentoImpl  : Salieno del método escribirEliminarDocumento
2018-04-09 11:42:53.113  INFO 10200 --- [main] e.f.a.e.r.impl.RepositorioDocumentoImpl  : Entrando al método escribirEliminarDocumento
2018-04-09 11:42:53.128  INFO 10200 --- [main] e.f.a.e.r.impl.RepositorioDocumentoImpl  : Documento con código 5 ha sido eliminado correctamente.
2018-04-09 11:42:53.128  INFO 10200 --- [main] e.f.a.e.r.impl.RepositorioDocumentoImpl  : Iniciando escritura de fichero...
2018-04-09 11:42:53.128  INFO 10200 --- [main] e.f.a.e.r.impl.RepositorioDocumentoImpl  : Modificando fichero existente...
2018-04-09 11:42:53.128  INFO 10200 --- [main] e.f.a.e.r.impl.RepositorioDocumentoImpl  : Fin escritura de fichero...
2018-04-09 11:42:53.144  INFO 10200 --- [main] e.f.a.e.r.impl.RepositorioDocumentoImpl  : Salieno del método escribirEliminarDocumento
2018-04-09 11:42:53.144  INFO 10200 --- [main] e.f.a.e.r.impl.RepositorioDocumentoImpl  : Entrando al método guardarDocumentosEnArchivoTexto
2018-04-09 11:42:53.144  INFO 10200 --- [main] e.f.a.e.r.impl.RepositorioDocumentoImpl  : Iniciando escritura de fichero...
2018-04-09 11:42:53.144  INFO 10200 --- [main] e.f.a.e.r.impl.RepositorioDocumentoImpl  : Modificando fichero existente...
2018-04-09 11:42:53.144  INFO 10200 --- [main] e.f.a.e.r.impl.RepositorioDocumentoImpl  : Fin escritura de fichero...
2018-04-09 11:42:53.144  INFO 10200 --- [main] e.f.a.e.r.impl.RepositorioDocumentoImpl  : Salieno del método guardarDocumentosEnArchivoTexto
2018-04-09 11:42:53.144  INFO 10200 --- [main] e.f.a.e.r.impl.RepositorioDocumentoImpl  : Entrando al método escribirEnArchivoAltaExpediente
2018-04-09 11:42:53.144  INFO 10200 --- [main] e.f.a.e.r.impl.RepositorioDocumentoImpl  : Expediente con codigo 1 se ha creado correctamente.
2018-04-09 11:42:53.144  INFO 10200 --- [main] e.f.a.e.r.impl.RepositorioDocumentoImpl  : Iniciando escritura de fichero...
2018-04-09 11:42:53.144  INFO 10200 --- [main] e.f.a.e.r.impl.RepositorioDocumentoImpl  : Modificando fichero existente...
2018-04-09 11:42:53.144  INFO 10200 --- [main] e.f.a.e.r.impl.RepositorioDocumentoImpl  : Fin escritura de fichero...
2018-04-09 11:42:53.144  INFO 10200 --- [main] e.f.a.e.r.impl.RepositorioDocumentoImpl  : Salieno del método escribirEnArchivoAltaExpediente
2018-04-09 11:42:53.144  INFO 10200 --- [main] e.f.a.e.r.impl.RepositorioDocumentoImpl  : Entrando al método escribirEnArchivoAltaExpediente
2018-04-09 11:42:53.144  INFO 10200 --- [main] e.f.a.e.r.impl.RepositorioDocumentoImpl  : Expediente con codigo 2 se ha creado correctamente.
2018-04-09 11:42:53.144  INFO 10200 --- [main] e.f.a.e.r.impl.RepositorioDocumentoImpl  : Iniciando escritura de fichero...
2018-04-09 11:42:53.144  INFO 10200 --- [main] e.f.a.e.r.impl.RepositorioDocumentoImpl  : Modificando fichero existente...
2018-04-09 11:42:53.144  INFO 10200 --- [main] e.f.a.e.r.impl.RepositorioDocumentoImpl  : Fin escritura de fichero...
2018-04-09 11:42:53.144  INFO 10200 --- [main] e.f.a.e.r.impl.RepositorioDocumentoImpl  : Salieno del método escribirEnArchivoAltaExpediente
2018-04-09 11:42:53.144  INFO 10200 --- [main] e.f.a.e.r.impl.RepositorioDocumentoImpl  : Entrando al método escribirEnArchivoAltaExpediente
2018-04-09 11:42:53.144  INFO 10200 --- [main] e.f.a.e.r.impl.RepositorioDocumentoImpl  : Expediente con codigo 3 se ha creado correctamente.
2018-04-09 11:42:53.144  INFO 10200 --- [main] e.f.a.e.r.impl.RepositorioDocumentoImpl  : Iniciando escritura de fichero...
2018-04-09 11:42:53.160  INFO 10200 --- [main] e.f.a.e.r.impl.RepositorioDocumentoImpl  : Modificando fichero existente...
2018-04-09 11:42:53.160  INFO 10200 --- [main] e.f.a.e.r.impl.RepositorioDocumentoImpl  : Fin escritura de fichero...
2018-04-09 11:42:53.160  INFO 10200 --- [main] e.f.a.e.r.impl.RepositorioDocumentoImpl  : Salieno del método escribirEnArchivoAltaExpediente
2018-04-09 11:42:53.160  INFO 10200 --- [main] e.f.a.e.r.impl.RepositorioDocumentoImpl  : Entrando al método escribirEnArchivoAltaExpediente
2018-04-09 11:42:53.160  INFO 10200 --- [main] e.f.a.e.r.impl.RepositorioDocumentoImpl  : Expediente con codigo 4 se ha creado correctamente.
2018-04-09 11:42:53.160  INFO 10200 --- [main] e.f.a.e.r.impl.RepositorioDocumentoImpl  : Iniciando escritura de fichero...
2018-04-09 11:42:53.160  INFO 10200 --- [main] e.f.a.e.r.impl.RepositorioDocumentoImpl  : Modificando fichero existente...
2018-04-09 11:42:53.160  INFO 10200 --- [main] e.f.a.e.r.impl.RepositorioDocumentoImpl  : Fin escritura de fichero...
2018-04-09 11:42:53.160  INFO 10200 --- [main] e.f.a.e.r.impl.RepositorioDocumentoImpl  : Salieno del método escribirEnArchivoAltaExpediente
2018-04-09 11:42:53.160  INFO 10200 --- [main] e.f.a.e.r.impl.RepositorioDocumentoImpl  : Entrando al método escribirEnArchivoAltaExpediente
2018-04-09 11:42:53.160  INFO 10200 --- [main] e.f.a.e.r.impl.RepositorioDocumentoImpl  : Expediente con codigo 5 se ha creado correctamente.
2018-04-09 11:42:53.160  INFO 10200 --- [main] e.f.a.e.r.impl.RepositorioDocumentoImpl  : Iniciando escritura de fichero...
2018-04-09 11:42:53.160  INFO 10200 --- [main] e.f.a.e.r.impl.RepositorioDocumentoImpl  : Modificando fichero existente...
2018-04-09 11:42:53.160  INFO 10200 --- [main] e.f.a.e.r.impl.RepositorioDocumentoImpl  : Fin escritura de fichero...
2018-04-09 11:42:53.160  INFO 10200 --- [main] e.f.a.e.r.impl.RepositorioDocumentoImpl  : Salieno del método escribirEnArchivoAltaExpediente
2018-04-09 11:42:53.175  INFO 10200 --- [main] e.f.a.e.r.impl.RepositorioDocumentoImpl  : Entrando al método guardarExpedientesEnArchivoTexto
2018-04-09 11:42:53.175  INFO 10200 --- [main] e.f.a.e.r.impl.RepositorioDocumentoImpl  : Iniciando escritura de fichero...
2018-04-09 11:42:53.175  INFO 10200 --- [main] e.f.a.e.r.impl.RepositorioDocumentoImpl  : Modificando fichero existente...
2018-04-09 11:42:53.175  INFO 10200 --- [main] e.f.a.e.r.impl.RepositorioDocumentoImpl  : Fin escritura de fichero...
2018-04-09 11:42:53.175  INFO 10200 --- [main] e.f.a.e.r.impl.RepositorioDocumentoImpl  : Salieno del método guardarExpedientesEnArchivoTexto
2018-04-09 11:42:53.175  INFO 10200 --- [main] e.f.a.e.r.impl.RepositorioDocumentoImpl  : Entrando al método escribirEnArchivoModificarExpediente
2018-04-09 11:42:53.175  INFO 10200 --- [main] e.f.a.e.r.impl.RepositorioDocumentoImpl  : Expediente con codigo 2 ha sido modificado correctamente.
2018-04-09 11:42:53.175  INFO 10200 --- [main] e.f.a.e.r.impl.RepositorioDocumentoImpl  : Iniciando escritura de fichero...
2018-04-09 11:42:53.175  INFO 10200 --- [main] e.f.a.e.r.impl.RepositorioDocumentoImpl  : Modificando fichero existente...
2018-04-09 11:42:53.175  INFO 10200 --- [main] e.f.a.e.r.impl.RepositorioDocumentoImpl  : Fin escritura de fichero...
2018-04-09 11:42:53.175  INFO 10200 --- [main] e.f.a.e.r.impl.RepositorioDocumentoImpl  : Salieno del método escribirEnArchivoModificarExpediente
2018-04-09 11:42:53.175  INFO 10200 --- [main] e.f.a.e.r.impl.RepositorioDocumentoImpl  : Entrando al método escribirEnArchivoModificarExpediente
2018-04-09 11:42:53.175  INFO 10200 --- [main] e.f.a.e.r.impl.RepositorioDocumentoImpl  : Expediente con codigo 4 ha sido modificado correctamente.
2018-04-09 11:42:53.175  INFO 10200 --- [main] e.f.a.e.r.impl.RepositorioDocumentoImpl  : Iniciando escritura de fichero...
2018-04-09 11:42:53.175  INFO 10200 --- [main] e.f.a.e.r.impl.RepositorioDocumentoImpl  : Modificando fichero existente...
2018-04-09 11:42:53.175  INFO 10200 --- [main] e.f.a.e.r.impl.RepositorioDocumentoImpl  : Fin escritura de fichero...
2018-04-09 11:42:53.175  INFO 10200 --- [main] e.f.a.e.r.impl.RepositorioDocumentoImpl  : Salieno del método escribirEnArchivoModificarExpediente
2018-04-09 11:42:53.175  INFO 10200 --- [main] e.f.a.e.r.impl.RepositorioDocumentoImpl  : Entrando al método guardarExpedientesEnArchivoTexto
2018-04-09 11:42:53.175  INFO 10200 --- [main] e.f.a.e.r.impl.RepositorioDocumentoImpl  : Iniciando escritura de fichero...
2018-04-09 11:42:53.175  INFO 10200 --- [main] e.f.a.e.r.impl.RepositorioDocumentoImpl  : Modificando fichero existente...
2018-04-09 11:42:53.175  INFO 10200 --- [main] e.f.a.e.r.impl.RepositorioDocumentoImpl  : Fin escritura de fichero...
2018-04-09 11:42:53.175  INFO 10200 --- [main] e.f.a.e.r.impl.RepositorioDocumentoImpl  : Salieno del método guardarExpedientesEnArchivoTexto
2018-04-09 11:42:53.191  INFO 10200 --- [main] e.f.a.e.r.impl.RepositorioDocumentoImpl  : Entrando al método escribirEnArchivoEliminarExpediente
2018-04-09 11:42:53.191  INFO 10200 --- [main] e.f.a.e.r.impl.RepositorioDocumentoImpl  : Expediente con codigo 1 ha sido eliminado correctamente.
2018-04-09 11:42:53.191  INFO 10200 --- [main] e.f.a.e.r.impl.RepositorioDocumentoImpl  : Iniciando escritura de fichero...
2018-04-09 11:42:53.191  INFO 10200 --- [main] e.f.a.e.r.impl.RepositorioDocumentoImpl  : Modificando fichero existente...
2018-04-09 11:42:53.191  INFO 10200 --- [main] e.f.a.e.r.impl.RepositorioDocumentoImpl  : Fin escritura de fichero...
2018-04-09 11:42:53.191  INFO 10200 --- [main] e.f.a.e.r.impl.RepositorioDocumentoImpl  : Salieno del método escribirEnArchivoEliminarExpediente
2018-04-09 11:42:53.191  INFO 10200 --- [main] e.f.a.e.r.impl.RepositorioDocumentoImpl  : Entrando al método escribirEnArchivoEliminarExpediente
2018-04-09 11:42:53.191  INFO 10200 --- [main] e.f.a.e.r.impl.RepositorioDocumentoImpl  : Expediente con codigo 3 ha sido eliminado correctamente.
2018-04-09 11:42:53.191  INFO 10200 --- [main] e.f.a.e.r.impl.RepositorioDocumentoImpl  : Iniciando escritura de fichero...
2018-04-09 11:42:53.191  INFO 10200 --- [main] e.f.a.e.r.impl.RepositorioDocumentoImpl  : Modificando fichero existente...
2018-04-09 11:42:53.191  INFO 10200 --- [main] e.f.a.e.r.impl.RepositorioDocumentoImpl  : Fin escritura de fichero...
2018-04-09 11:42:53.191  INFO 10200 --- [main] e.f.a.e.r.impl.RepositorioDocumentoImpl  : Salieno del método escribirEnArchivoEliminarExpediente
2018-04-09 11:42:53.191  INFO 10200 --- [main] e.f.a.e.r.impl.RepositorioDocumentoImpl  : Entrando al método escribirEnArchivoEliminarExpediente
2018-04-09 11:42:53.191  INFO 10200 --- [main] e.f.a.e.r.impl.RepositorioDocumentoImpl  : Expediente con codigo 5 ha sido eliminado correctamente.
2018-04-09 11:42:53.191  INFO 10200 --- [main] e.f.a.e.r.impl.RepositorioDocumentoImpl  : Iniciando escritura de fichero...
2018-04-09 11:42:53.191  INFO 10200 --- [main] e.f.a.e.r.impl.RepositorioDocumentoImpl  : Modificando fichero existente...
2018-04-09 11:42:53.207  INFO 10200 --- [main] e.f.a.e.r.impl.RepositorioDocumentoImpl  : Fin escritura de fichero...
2018-04-09 11:42:53.207  INFO 10200 --- [main] e.f.a.e.r.impl.RepositorioDocumentoImpl  : Salieno del método escribirEnArchivoEliminarExpediente
2018-04-09 11:42:53.207  INFO 10200 --- [main] e.f.a.e.r.impl.RepositorioDocumentoImpl  : Entrando al método guardarExpedientesEnArchivoTexto
2018-04-09 11:42:53.207  INFO 10200 --- [main] e.f.a.e.r.impl.RepositorioDocumentoImpl  : Iniciando escritura de fichero...
2018-04-09 11:42:53.207  INFO 10200 --- [main] e.f.a.e.r.impl.RepositorioDocumentoImpl  : Modificando fichero existente...
2018-04-09 11:42:53.207  INFO 10200 --- [main] e.f.a.e.r.impl.RepositorioDocumentoImpl  : Fin escritura de fichero...
2018-04-09 11:42:53.207  INFO 10200 --- [main] e.f.a.e.r.impl.RepositorioDocumentoImpl  : Salieno del método guardarExpedientesEnArchivoTexto
2018-04-09 11:42:53.207  INFO 10200 --- [main] e.fpdual.admin.eadmin.EadminApplication  : Fin run
